[debug] [2021-12-26T13:14:09.821Z] ----------------------------------------------------------------------
[debug] [2021-12-26T13:14:09.828Z] Command:       C:\Program Files\nodejs\node.exe C:\Users\Hp\AppData\Roaming\npm\node_modules\firebase-tools\lib\bin\firebase.js emulators:start
[debug] [2021-12-26T13:14:09.829Z] CLI Version:   10.0.1
[debug] [2021-12-26T13:14:09.829Z] Platform:      win32
[debug] [2021-12-26T13:14:09.829Z] Node Version:  v14.17.4
[debug] [2021-12-26T13:14:09.835Z] Time:          Sun Dec 26 2021 18:44:09 GMT+0530 (India Standard Time)
[debug] [2021-12-26T13:14:09.836Z] ----------------------------------------------------------------------
[debug] 
[debug] [2021-12-26T13:14:10.031Z] > command requires scopes: ["email","openid","https://www.googleapis.com/auth/cloudplatformprojects.readonly","https://www.googleapis.com/auth/firebase","https://www.googleapis.com/auth/cloud-platform"]
[debug] [2021-12-26T13:14:10.032Z] > authorizing via signed-in user (srijan547@gmail.com)
[info] i  emulators: Starting emulators: functions, hosting {"metadata":{"emulator":{"name":"hub"},"message":"Starting emulators: functions, hosting"}}
[debug] [2021-12-26T13:14:10.132Z] [hub] writing locator at C:\Users\Hp\AppData\Local\Temp\hub-my-e4355.json
[warn] !  functions: The following emulators are not running, calls to these services from the Functions emulator will affect production: auth, firestore, database, pubsub, storage {"metadata":{"emulator":{"name":"functions"},"message":"The following emulators are not running, calls to these services from the Functions emulator will affect production: \u001b[1mauth, firestore, database, pubsub, storage\u001b[22m"}}
[warn] !  Your requested "node" version "16" doesn't match your global version "14" {"metadata":{"emulator":{"name":"functions"},"message":"Your requested \"node\" version \"16\" doesn't match your global version \"14\""}}
[debug] [2021-12-26T13:14:10.272Z] defaultcredentials: writing to file C:\Users\Hp\AppData\Roaming\firebase\srijan547_gmail_com_application_default_credentials.json
[debug] [2021-12-26T13:14:10.281Z] Setting GAC to C:\Users\Hp\AppData\Roaming\firebase\srijan547_gmail_com_application_default_credentials.json {"metadata":{"emulator":{"name":"functions"},"message":"Setting GAC to C:\\Users\\Hp\\AppData\\Roaming\\firebase\\srijan547_gmail_com_application_default_credentials.json"}}
[debug] [2021-12-26T13:14:10.285Z] > refreshing access token with scopes: []
[debug] [2021-12-26T13:14:10.287Z] >>> HTTP REQUEST POST https://www.googleapis.com/oauth2/v3/token  
 <request body omitted>
[debug] [2021-12-26T13:14:10.697Z] <<< HTTP RESPONSE 200 {"date":"Sun, 26 Dec 2021 13:14:13 GMT","pragma":"no-cache","cache-control":"no-cache, no-store, max-age=0, must-revalidate","expires":"Mon, 01 Jan 1990 00:00:00 GMT","content-type":"application/json; charset=utf-8","vary":"X-Origin, Referer, Origin,Accept-Encoding","server":"scaffolding on HTTPServer2","x-xss-protection":"0","x-frame-options":"SAMEORIGIN","x-content-type-options":"nosniff","alt-svc":"h3=\":443\"; ma=2592000,h3-29=\":443\"; ma=2592000,h3-Q050=\":443\"; ma=2592000,h3-Q046=\":443\"; ma=2592000,h3-Q043=\":443\"; ma=2592000,quic=\":443\"; ma=2592000; v=\"46,43\"","accept-ranges":"none","transfer-encoding":"chunked"}
[debug] [2021-12-26T13:14:10.732Z] >>> [apiv2][query] GET https://firebase.googleapis.com/v1beta1/projects/my-e4355/adminSdkConfig [none]
[debug] [2021-12-26T13:14:11.374Z] <<< [apiv2][status] GET https://firebase.googleapis.com/v1beta1/projects/my-e4355/adminSdkConfig 200
[debug] [2021-12-26T13:14:11.375Z] <<< [apiv2][body] GET https://firebase.googleapis.com/v1beta1/projects/my-e4355/adminSdkConfig {"projectId":"my-e4355","storageBucket":"my-e4355.appspot.com"}
[debug] [2021-12-26T13:14:11.406Z] >>> [apiv2][query] GET https://firebasehosting.googleapis.com/v1beta1/projects/my-e4355/sites 
[debug] [2021-12-26T13:14:13.437Z] <<< [apiv2][status] GET https://firebasehosting.googleapis.com/v1beta1/projects/my-e4355/sites 200
[debug] [2021-12-26T13:14:13.438Z] <<< [apiv2][body] GET https://firebasehosting.googleapis.com/v1beta1/projects/my-e4355/sites {"sites":[{"name":"projects/431657140249/sites/my-e4355","defaultUrl":"https://my-e4355.web.app","appId":"1:431657140249:web:0cbec9f260c15605bd6a88","type":"DEFAULT_SITE"}]}
[debug] [2021-12-26T13:14:13.439Z] >>> [apiv2][query] GET https://firebase.googleapis.com/v1beta1/projects/my-e4355/webApps/1:431657140249:web:0cbec9f260c15605bd6a88/config [none]
[debug] [2021-12-26T13:14:15.097Z] <<< [apiv2][status] GET https://firebase.googleapis.com/v1beta1/projects/my-e4355/webApps/1:431657140249:web:0cbec9f260c15605bd6a88/config 200
[debug] [2021-12-26T13:14:15.098Z] <<< [apiv2][body] GET https://firebase.googleapis.com/v1beta1/projects/my-e4355/webApps/1:431657140249:web:0cbec9f260c15605bd6a88/config {"projectId":"my-e4355","appId":"1:431657140249:web:0cbec9f260c15605bd6a88","storageBucket":"my-e4355.appspot.com","apiKey":"AIzaSyD1V3zyJEeHeS5lpPzuf52vZKrdTh5NN8E","authDomain":"my-e4355.firebaseapp.com","messagingSenderId":"431657140249","measurementId":"G-SL56RL2FPQ"}
[info] i  hosting: Serving hosting files from: build {"metadata":{"emulator":{"name":"hosting"},"message":"Serving hosting files from: \u001b[1mbuild\u001b[22m"}}
[info] +  hosting: Local server: http://localhost:5000 {"metadata":{"emulator":{"name":"hosting"},"message":"Local server: \u001b[4m\u001b[1mhttp://localhost:5000\u001b[22m\u001b[24m"}}
[debug] [2021-12-26T13:14:15.250Z] Ignoring unsupported arg: auto_download {"metadata":{"emulator":{"name":"ui"},"message":"Ignoring unsupported arg: auto_download"}}
[debug] [2021-12-26T13:14:15.251Z] Ignoring unsupported arg: port {"metadata":{"emulator":{"name":"ui"},"message":"Ignoring unsupported arg: port"}}
[debug] [2021-12-26T13:14:15.251Z] Starting Emulator UI with command {"binary":"node","args":["C:\\Users\\Hp\\.cache\\firebase\\emulators\\ui-v1.6.4\\server.bundle.js"],"optionalArgs":[],"joinArgs":false} {"metadata":{"emulator":{"name":"ui"},"message":"Starting Emulator UI with command {\"binary\":\"node\",\"args\":[\"C:\\\\Users\\\\Hp\\\\.cache\\\\firebase\\\\emulators\\\\ui-v1.6.4\\\\server.bundle.js\"],\"optionalArgs\":[],\"joinArgs\":false}"}}
[info] i  ui: Emulator UI logging to ui-debug.log {"metadata":{"emulator":{"name":"ui"},"message":"Emulator UI logging to \u001b[1mui-debug.log\u001b[22m"}}
[debug] [2021-12-26T13:14:15.499Z] Web / API server started at localhost:4000
 {"metadata":{"emulator":{"name":"ui"},"message":"Web / API server started at localhost:4000\n"}}
[info] i  functions: Watching "C:\Users\Hp\Desktop\College\Coding\Projects\React\my-amazon\functions" for Cloud Functions... {"metadata":{"emulator":{"name":"functions"},"message":"Watching \"C:\\Users\\Hp\\Desktop\\College\\Coding\\Projects\\React\\my-amazon\\functions\" for Cloud Functions..."}}
[debug] [2021-12-26T13:14:15.607Z] [worker-pool] addWorker(~diagnostic~) {"metadata":{"emulator":{"name":"functions"},"message":"[worker-pool] addWorker(~diagnostic~)"}}
[debug] [2021-12-26T13:14:15.607Z] [worker-pool] Adding worker with key ~diagnostic~, total=1 {"metadata":{"emulator":{"name":"functions"},"message":"[worker-pool] Adding worker with key ~diagnostic~, total=1"}}
[debug] [2021-12-26T13:14:15.607Z] [worker-pool] submitWork(triggerId=) {"metadata":{"emulator":{"name":"functions"},"message":"[worker-pool] submitWork(triggerId=)"}}
[debug] [2021-12-26T13:14:15.608Z] [worker-~diagnostic~-e683004a-1eca-4acc-b631-f8c191dc850f]: Assigning socketPath: \\?\pipe\C:\Users\Hp\Desktop\College\Coding\Projects\React\my-amazon\functions\8048 {"metadata":{"emulator":{"name":"functions"},"message":"[worker-~diagnostic~-e683004a-1eca-4acc-b631-f8c191dc850f]: Assigning socketPath: \\\\?\\pipe\\C:\\Users\\Hp\\Desktop\\College\\Coding\\Projects\\React\\my-amazon\\functions\\8048"}}
[debug] [2021-12-26T13:14:15.609Z] [worker-~diagnostic~-e683004a-1eca-4acc-b631-f8c191dc850f]: BUSY {"metadata":{"emulator":{"name":"functions"},"message":"[worker-~diagnostic~-e683004a-1eca-4acc-b631-f8c191dc850f]: BUSY"}}
[debug] [2021-12-26T13:14:16.184Z] [runtime-status] [8048] Functions runtime initialized. {"cwd":"C:\\Users\\Hp\\Desktop\\College\\Coding\\Projects\\React\\my-amazon\\functions","node_version":"14.17.4"} {"metadata":{"emulator":{"name":"functions"},"message":"[runtime-status] [8048] Functions runtime initialized. {\"cwd\":\"C:\\\\Users\\\\Hp\\\\Desktop\\\\College\\\\Coding\\\\Projects\\\\React\\\\my-amazon\\\\functions\",\"node_version\":\"14.17.4\"}"}}
[debug] [2021-12-26T13:14:16.187Z] [runtime-status] [8048] Disabled runtime features: undefined {"metadata":{"emulator":{"name":"functions"},"message":"[runtime-status] [8048] Disabled runtime features: undefined"}}
[debug] [2021-12-26T13:14:16.201Z] [runtime-status] [8048] Resolved module firebase-admin {"declared":true,"installed":true,"version":"9.12.0","resolution":"C:\\Users\\Hp\\Desktop\\College\\Coding\\Projects\\React\\my-amazon\\functions\\node_modules\\firebase-admin\\lib\\index.js"} {"metadata":{"emulator":{"name":"functions"},"message":"[runtime-status] [8048] Resolved module firebase-admin {\"declared\":true,\"installed\":true,\"version\":\"9.12.0\",\"resolution\":\"C:\\\\Users\\\\Hp\\\\Desktop\\\\College\\\\Coding\\\\Projects\\\\React\\\\my-amazon\\\\functions\\\\node_modules\\\\firebase-admin\\\\lib\\\\index.js\"}"}}
[debug] [2021-12-26T13:14:16.206Z] [runtime-status] [8048] Resolved module firebase-functions {"declared":true,"installed":true,"version":"3.16.0","resolution":"C:\\Users\\Hp\\Desktop\\College\\Coding\\Projects\\React\\my-amazon\\functions\\node_modules\\firebase-functions\\lib\\index.js"} {"metadata":{"emulator":{"name":"functions"},"message":"[runtime-status] [8048] Resolved module firebase-functions {\"declared\":true,\"installed\":true,\"version\":\"3.16.0\",\"resolution\":\"C:\\\\Users\\\\Hp\\\\Desktop\\\\College\\\\Coding\\\\Projects\\\\React\\\\my-amazon\\\\functions\\\\node_modules\\\\firebase-functions\\\\lib\\\\index.js\"}"}}
[debug] [2021-12-26T13:14:16.208Z] [runtime-status] [8048] Outgoing network have been stubbed. [{"name":"http","status":"mocked"},{"name":"http","status":"mocked"},{"name":"https","status":"mocked"},{"name":"https","status":"mocked"},{"name":"net","status":"mocked"}] {"metadata":{"emulator":{"name":"functions"},"message":"[runtime-status] [8048] Outgoing network have been stubbed. [{\"name\":\"http\",\"status\":\"mocked\"},{\"name\":\"http\",\"status\":\"mocked\"},{\"name\":\"https\",\"status\":\"mocked\"},{\"name\":\"https\",\"status\":\"mocked\"},{\"name\":\"net\",\"status\":\"mocked\"}]"}}
[debug] [2021-12-26T13:14:16.210Z] [runtime-status] [8048] Resolved module firebase-functions {"declared":true,"installed":true,"version":"3.16.0","resolution":"C:\\Users\\Hp\\Desktop\\College\\Coding\\Projects\\React\\my-amazon\\functions\\node_modules\\firebase-functions\\lib\\index.js"} {"metadata":{"emulator":{"name":"functions"},"message":"[runtime-status] [8048] Resolved module firebase-functions {\"declared\":true,\"installed\":true,\"version\":\"3.16.0\",\"resolution\":\"C:\\\\Users\\\\Hp\\\\Desktop\\\\College\\\\Coding\\\\Projects\\\\React\\\\my-amazon\\\\functions\\\\node_modules\\\\firebase-functions\\\\lib\\\\index.js\"}"}}
[debug] [2021-12-26T13:14:16.340Z] [runtime-status] [8048] Checked functions.config() {"config":{}} {"metadata":{"emulator":{"name":"functions"},"message":"[runtime-status] [8048] Checked functions.config() {\"config\":{}}"}}
[debug] [2021-12-26T13:14:16.340Z] [runtime-status] [8048] firebase-functions has been stubbed. {"functionsResolution":{"declared":true,"installed":true,"version":"3.16.0","resolution":"C:\\Users\\Hp\\Desktop\\College\\Coding\\Projects\\React\\my-amazon\\functions\\node_modules\\firebase-functions\\lib\\index.js"}} {"metadata":{"emulator":{"name":"functions"},"message":"[runtime-status] [8048] firebase-functions has been stubbed. {\"functionsResolution\":{\"declared\":true,\"installed\":true,\"version\":\"3.16.0\",\"resolution\":\"C:\\\\Users\\\\Hp\\\\Desktop\\\\College\\\\Coding\\\\Projects\\\\React\\\\my-amazon\\\\functions\\\\node_modules\\\\firebase-functions\\\\lib\\\\index.js\"}}"}}
[debug] [2021-12-26T13:14:16.341Z] [runtime-status] [8048] Resolved module firebase-functions {"declared":true,"installed":true,"version":"3.16.0","resolution":"C:\\Users\\Hp\\Desktop\\College\\Coding\\Projects\\React\\my-amazon\\functions\\node_modules\\firebase-functions\\lib\\index.js"} {"metadata":{"emulator":{"name":"functions"},"message":"[runtime-status] [8048] Resolved module firebase-functions {\"declared\":true,\"installed\":true,\"version\":\"3.16.0\",\"resolution\":\"C:\\\\Users\\\\Hp\\\\Desktop\\\\College\\\\Coding\\\\Projects\\\\React\\\\my-amazon\\\\functions\\\\node_modules\\\\firebase-functions\\\\lib\\\\index.js\"}"}}
[debug] [2021-12-26T13:14:16.345Z] [runtime-status] [8048] Resolved module firebase-admin {"declared":true,"installed":true,"version":"9.12.0","resolution":"C:\\Users\\Hp\\Desktop\\College\\Coding\\Projects\\React\\my-amazon\\functions\\node_modules\\firebase-admin\\lib\\index.js"} {"metadata":{"emulator":{"name":"functions"},"message":"[runtime-status] [8048] Resolved module firebase-admin {\"declared\":true,\"installed\":true,\"version\":\"9.12.0\",\"resolution\":\"C:\\\\Users\\\\Hp\\\\Desktop\\\\College\\\\Coding\\\\Projects\\\\React\\\\my-amazon\\\\functions\\\\node_modules\\\\firebase-admin\\\\lib\\\\index.js\"}"}}
[debug] [2021-12-26T13:14:16.346Z] [runtime-status] [8048] Resolved module firebase-functions {"declared":true,"installed":true,"version":"3.16.0","resolution":"C:\\Users\\Hp\\Desktop\\College\\Coding\\Projects\\React\\my-amazon\\functions\\node_modules\\firebase-functions\\lib\\index.js"} {"metadata":{"emulator":{"name":"functions"},"message":"[runtime-status] [8048] Resolved module firebase-functions {\"declared\":true,\"installed\":true,\"version\":\"3.16.0\",\"resolution\":\"C:\\\\Users\\\\Hp\\\\Desktop\\\\College\\\\Coding\\\\Projects\\\\React\\\\my-amazon\\\\functions\\\\node_modules\\\\firebase-functions\\\\lib\\\\index.js\"}"}}
[debug] [2021-12-26T13:14:16.347Z] [runtime-status] [8048] firebase-admin has been stubbed. {"adminResolution":{"declared":true,"installed":true,"version":"9.12.0","resolution":"C:\\Users\\Hp\\Desktop\\College\\Coding\\Projects\\React\\my-amazon\\functions\\node_modules\\firebase-admin\\lib\\index.js"}} {"metadata":{"emulator":{"name":"functions"},"message":"[runtime-status] [8048] firebase-admin has been stubbed. {\"adminResolution\":{\"declared\":true,\"installed\":true,\"version\":\"9.12.0\",\"resolution\":\"C:\\\\Users\\\\Hp\\\\Desktop\\\\College\\\\Coding\\\\Projects\\\\React\\\\my-amazon\\\\functions\\\\node_modules\\\\firebase-admin\\\\lib\\\\index.js\"}}"}}
[info] +  functions[us-central1-api]: http function initialized (http://localhost:5001/my-e4355/us-central1/api). {"metadata":{"emulator":{"name":"functions"},"message":"\u001b[1mhttp\u001b[22m function initialized (http://localhost:5001/my-e4355/us-central1/api)."}}
[info] 
┌─────────────────────────────────────────────────────────────┐
│ ✔  All emulators ready! It is now safe to connect your app. │
│ i  View Emulator UI at http://localhost:4000                │
└─────────────────────────────────────────────────────────────┘

┌───────────┬────────────────┬─────────────────────────────────┐
│ Emulator  │ Host:Port      │ View in Emulator UI             │
├───────────┼────────────────┼─────────────────────────────────┤
│ Functions │ localhost:5001 │ http://localhost:4000/functions │
├───────────┼────────────────┼─────────────────────────────────┤
│ Hosting   │ localhost:5000 │ n/a                             │
└───────────┴────────────────┴─────────────────────────────────┘
  Emulator Hub running at localhost:4400
  Other reserved ports: 4500

Issues? Report them at https://github.com/firebase/firebase-tools/issues and attach the *-debug.log files.
 
[debug] [2021-12-26T13:14:16.795Z] [worker-~diagnostic~-e683004a-1eca-4acc-b631-f8c191dc850f]: IDLE {"metadata":{"emulator":{"name":"functions"},"message":"[worker-~diagnostic~-e683004a-1eca-4acc-b631-f8c191dc850f]: IDLE"}}
[debug] [2021-12-26T13:14:27.443Z] [work-queue] {"queueLength":1,"workRunningCount":0}
[debug] [2021-12-26T13:14:27.444Z] [work-queue] {"queueLength":0,"workRunningCount":1}
[debug] [2021-12-26T13:14:27.445Z] Accepted request GET /my-e4355/us-central1/api --> us-central1-api
[debug] [2021-12-26T13:14:27.471Z] [worker-pool] addWorker(us-central1-api) {"metadata":{"emulator":{"name":"functions"},"message":"[worker-pool] addWorker(us-central1-api)"}}
[debug] [2021-12-26T13:14:27.472Z] [worker-pool] Adding worker with key us-central1-api, total=1 {"metadata":{"emulator":{"name":"functions"},"message":"[worker-pool] Adding worker with key us-central1-api, total=1"}}
[debug] [2021-12-26T13:14:27.472Z] [worker-pool] submitWork(triggerId=us-central1-api) {"metadata":{"emulator":{"name":"functions"},"message":"[worker-pool] submitWork(triggerId=us-central1-api)"}}
[debug] [2021-12-26T13:14:27.472Z] [worker-us-central1-api-de45c378-8d4b-4ebf-a626-f253722fa7e5]: Assigning socketPath: \\?\pipe\C:\Users\Hp\Desktop\College\Coding\Projects\React\my-amazon\functions\9296 {"metadata":{"emulator":{"name":"functions"},"message":"[worker-us-central1-api-de45c378-8d4b-4ebf-a626-f253722fa7e5]: Assigning socketPath: \\\\?\\pipe\\C:\\Users\\Hp\\Desktop\\College\\Coding\\Projects\\React\\my-amazon\\functions\\9296"}}
[debug] [2021-12-26T13:14:27.473Z] [worker-us-central1-api-de45c378-8d4b-4ebf-a626-f253722fa7e5]: BUSY {"metadata":{"emulator":{"name":"functions"},"message":"[worker-us-central1-api-de45c378-8d4b-4ebf-a626-f253722fa7e5]: BUSY"}}
[debug] [2021-12-26T13:14:28.148Z] [runtime-status] [9296] Functions runtime initialized. {"cwd":"C:\\Users\\Hp\\Desktop\\College\\Coding\\Projects\\React\\my-amazon\\functions","node_version":"14.17.4"} {"metadata":{"emulator":{"name":"functions"},"function":{"name":"us-central1-api"},"message":"[runtime-status] [9296] Functions runtime initialized. {\"cwd\":\"C:\\\\Users\\\\Hp\\\\Desktop\\\\College\\\\Coding\\\\Projects\\\\React\\\\my-amazon\\\\functions\",\"node_version\":\"14.17.4\"}"}}
[debug] [2021-12-26T13:14:28.154Z] [runtime-status] [9296] Disabled runtime features: undefined {"metadata":{"emulator":{"name":"functions"},"function":{"name":"us-central1-api"},"message":"[runtime-status] [9296] Disabled runtime features: undefined"}}
[debug] [2021-12-26T13:14:28.168Z] [runtime-status] [9296] Resolved module firebase-admin {"declared":true,"installed":true,"version":"9.12.0","resolution":"C:\\Users\\Hp\\Desktop\\College\\Coding\\Projects\\React\\my-amazon\\functions\\node_modules\\firebase-admin\\lib\\index.js"} {"metadata":{"emulator":{"name":"functions"},"function":{"name":"us-central1-api"},"message":"[runtime-status] [9296] Resolved module firebase-admin {\"declared\":true,\"installed\":true,\"version\":\"9.12.0\",\"resolution\":\"C:\\\\Users\\\\Hp\\\\Desktop\\\\College\\\\Coding\\\\Projects\\\\React\\\\my-amazon\\\\functions\\\\node_modules\\\\firebase-admin\\\\lib\\\\index.js\"}"}}
[debug] [2021-12-26T13:14:28.180Z] [runtime-status] [9296] Resolved module firebase-functions {"declared":true,"installed":true,"version":"3.16.0","resolution":"C:\\Users\\Hp\\Desktop\\College\\Coding\\Projects\\React\\my-amazon\\functions\\node_modules\\firebase-functions\\lib\\index.js"} {"metadata":{"emulator":{"name":"functions"},"function":{"name":"us-central1-api"},"message":"[runtime-status] [9296] Resolved module firebase-functions {\"declared\":true,\"installed\":true,\"version\":\"3.16.0\",\"resolution\":\"C:\\\\Users\\\\Hp\\\\Desktop\\\\College\\\\Coding\\\\Projects\\\\React\\\\my-amazon\\\\functions\\\\node_modules\\\\firebase-functions\\\\lib\\\\index.js\"}"}}
[debug] [2021-12-26T13:14:28.185Z] [runtime-status] [9296] Outgoing network have been stubbed. [{"name":"http","status":"mocked"},{"name":"http","status":"mocked"},{"name":"https","status":"mocked"},{"name":"https","status":"mocked"},{"name":"net","status":"mocked"}] {"metadata":{"emulator":{"name":"functions"},"function":{"name":"us-central1-api"},"message":"[runtime-status] [9296] Outgoing network have been stubbed. [{\"name\":\"http\",\"status\":\"mocked\"},{\"name\":\"http\",\"status\":\"mocked\"},{\"name\":\"https\",\"status\":\"mocked\"},{\"name\":\"https\",\"status\":\"mocked\"},{\"name\":\"net\",\"status\":\"mocked\"}]"}}
[debug] [2021-12-26T13:14:28.189Z] [runtime-status] [9296] Resolved module firebase-functions {"declared":true,"installed":true,"version":"3.16.0","resolution":"C:\\Users\\Hp\\Desktop\\College\\Coding\\Projects\\React\\my-amazon\\functions\\node_modules\\firebase-functions\\lib\\index.js"} {"metadata":{"emulator":{"name":"functions"},"function":{"name":"us-central1-api"},"message":"[runtime-status] [9296] Resolved module firebase-functions {\"declared\":true,\"installed\":true,\"version\":\"3.16.0\",\"resolution\":\"C:\\\\Users\\\\Hp\\\\Desktop\\\\College\\\\Coding\\\\Projects\\\\React\\\\my-amazon\\\\functions\\\\node_modules\\\\firebase-functions\\\\lib\\\\index.js\"}"}}
[debug] [2021-12-26T13:14:28.297Z] [runtime-status] [9296] Checked functions.config() {"config":{}} {"metadata":{"emulator":{"name":"functions"},"function":{"name":"us-central1-api"},"message":"[runtime-status] [9296] Checked functions.config() {\"config\":{}}"}}
[debug] [2021-12-26T13:14:28.297Z] [runtime-status] [9296] firebase-functions has been stubbed. {"functionsResolution":{"declared":true,"installed":true,"version":"3.16.0","resolution":"C:\\Users\\Hp\\Desktop\\College\\Coding\\Projects\\React\\my-amazon\\functions\\node_modules\\firebase-functions\\lib\\index.js"}} {"metadata":{"emulator":{"name":"functions"},"function":{"name":"us-central1-api"},"message":"[runtime-status] [9296] firebase-functions has been stubbed. {\"functionsResolution\":{\"declared\":true,\"installed\":true,\"version\":\"3.16.0\",\"resolution\":\"C:\\\\Users\\\\Hp\\\\Desktop\\\\College\\\\Coding\\\\Projects\\\\React\\\\my-amazon\\\\functions\\\\node_modules\\\\firebase-functions\\\\lib\\\\index.js\"}}"}}
[debug] [2021-12-26T13:14:28.300Z] [runtime-status] [9296] Resolved module firebase-functions {"declared":true,"installed":true,"version":"3.16.0","resolution":"C:\\Users\\Hp\\Desktop\\College\\Coding\\Projects\\React\\my-amazon\\functions\\node_modules\\firebase-functions\\lib\\index.js"} {"metadata":{"emulator":{"name":"functions"},"function":{"name":"us-central1-api"},"message":"[runtime-status] [9296] Resolved module firebase-functions {\"declared\":true,\"installed\":true,\"version\":\"3.16.0\",\"resolution\":\"C:\\\\Users\\\\Hp\\\\Desktop\\\\College\\\\Coding\\\\Projects\\\\React\\\\my-amazon\\\\functions\\\\node_modules\\\\firebase-functions\\\\lib\\\\index.js\"}"}}
[debug] [2021-12-26T13:14:28.305Z] [runtime-status] [9296] Resolved module firebase-admin {"declared":true,"installed":true,"version":"9.12.0","resolution":"C:\\Users\\Hp\\Desktop\\College\\Coding\\Projects\\React\\my-amazon\\functions\\node_modules\\firebase-admin\\lib\\index.js"} {"metadata":{"emulator":{"name":"functions"},"function":{"name":"us-central1-api"},"message":"[runtime-status] [9296] Resolved module firebase-admin {\"declared\":true,\"installed\":true,\"version\":\"9.12.0\",\"resolution\":\"C:\\\\Users\\\\Hp\\\\Desktop\\\\College\\\\Coding\\\\Projects\\\\React\\\\my-amazon\\\\functions\\\\node_modules\\\\firebase-admin\\\\lib\\\\index.js\"}"}}
[debug] [2021-12-26T13:14:28.308Z] [runtime-status] [9296] Resolved module firebase-functions {"declared":true,"installed":true,"version":"3.16.0","resolution":"C:\\Users\\Hp\\Desktop\\College\\Coding\\Projects\\React\\my-amazon\\functions\\node_modules\\firebase-functions\\lib\\index.js"} {"metadata":{"emulator":{"name":"functions"},"function":{"name":"us-central1-api"},"message":"[runtime-status] [9296] Resolved module firebase-functions {\"declared\":true,\"installed\":true,\"version\":\"3.16.0\",\"resolution\":\"C:\\\\Users\\\\Hp\\\\Desktop\\\\College\\\\Coding\\\\Projects\\\\React\\\\my-amazon\\\\functions\\\\node_modules\\\\firebase-functions\\\\lib\\\\index.js\"}"}}
[debug] [2021-12-26T13:14:28.309Z] [runtime-status] [9296] firebase-admin has been stubbed. {"adminResolution":{"declared":true,"installed":true,"version":"9.12.0","resolution":"C:\\Users\\Hp\\Desktop\\College\\Coding\\Projects\\React\\my-amazon\\functions\\node_modules\\firebase-admin\\lib\\index.js"}} {"metadata":{"emulator":{"name":"functions"},"function":{"name":"us-central1-api"},"message":"[runtime-status] [9296] firebase-admin has been stubbed. {\"adminResolution\":{\"declared\":true,\"installed\":true,\"version\":\"9.12.0\",\"resolution\":\"C:\\\\Users\\\\Hp\\\\Desktop\\\\College\\\\Coding\\\\Projects\\\\React\\\\my-amazon\\\\functions\\\\node_modules\\\\firebase-admin\\\\lib\\\\index.js\"}}"}}
[debug] [2021-12-26T13:14:28.812Z] [runtime-status] [9296] Trigger "us-central1-api" has been found, beginning invocation! {"metadata":{"emulator":{"name":"functions"},"function":{"name":"us-central1-api"},"message":"[runtime-status] [9296] Trigger \"us-central1-api\" has been found, beginning invocation!"}}
[info] i  functions: Beginning execution of "us-central1-api" {"metadata":{"emulator":{"name":"functions"},"function":{"name":"us-central1-api"},"message":"Beginning execution of \"us-central1-api\""}}
[debug] [2021-12-26T13:14:28.815Z] [runtime-status] [9296] triggerDefinition {"httpsTrigger":{},"name":"api","entryPoint":"api","regions":["us-central1"],"region":"us-central1","id":"us-central1-api","platform":"gcfv1"} {"metadata":{"emulator":{"name":"functions"},"function":{"name":"us-central1-api"},"message":"[runtime-status] [9296] triggerDefinition {\"httpsTrigger\":{},\"name\":\"api\",\"entryPoint\":\"api\",\"regions\":[\"us-central1\"],\"region\":\"us-central1\",\"id\":\"us-central1-api\",\"platform\":\"gcfv1\"}"}}
[debug] [2021-12-26T13:14:28.816Z] [runtime-status] [9296] Running us-central1-api in signature http {"metadata":{"emulator":{"name":"functions"},"function":{"name":"us-central1-api"},"message":"[runtime-status] [9296] Running us-central1-api in signature http"}}
[debug] [2021-12-26T13:14:28.819Z] [runtime-status] [9296] Attempting to listen to socketPath: \\?\pipe\C:\Users\Hp\Desktop\College\Coding\Projects\React\my-amazon\functions\9296 {"metadata":{"emulator":{"name":"functions"},"function":{"name":"us-central1-api"},"message":"[runtime-status] [9296] Attempting to listen to socketPath: \\\\?\\pipe\\C:\\Users\\Hp\\Desktop\\College\\Coding\\Projects\\React\\my-amazon\\functions\\9296"}}
[debug] [2021-12-26T13:14:28.828Z] [functions] Runtime ready! Sending request! {"metadata":{"emulator":{"name":"functions"},"message":"[functions] Runtime ready! Sending request!"}}
[debug] [2021-12-26T13:14:28.830Z] [functions] Got req.url=/my-e4355/us-central1/api, mapping to path=/ {"metadata":{"emulator":{"name":"functions"},"message":"[functions] Got req.url=/my-e4355/us-central1/api, mapping to path=/"}}
[debug] [2021-12-26T13:14:28.843Z] [runtime-status] [9296] Ephemeral server handling GET request {"metadata":{"emulator":{"name":"functions"},"function":{"name":"us-central1-api"},"message":"[runtime-status] [9296] Ephemeral server handling GET request"}}
[debug] [2021-12-26T13:14:28.859Z] [runtime-status] [9296] Ephemeral server survived. {"metadata":{"emulator":{"name":"functions"},"function":{"name":"us-central1-api"},"message":"[runtime-status] [9296] Ephemeral server survived."}}
[info] i  functions: Finished "us-central1-api" in ~1s {"metadata":{"emulator":{"name":"functions"},"function":{"name":"us-central1-api"},"message":"Finished \"us-central1-api\" in ~1s"}}
[debug] [2021-12-26T13:14:28.864Z] [worker-us-central1-api-de45c378-8d4b-4ebf-a626-f253722fa7e5]: IDLE {"metadata":{"emulator":{"name":"functions"},"message":"[worker-us-central1-api-de45c378-8d4b-4ebf-a626-f253722fa7e5]: IDLE"}}
[debug] [2021-12-26T13:14:28.864Z] [work-queue] {"queueLength":0,"workRunningCount":0}
[debug] [2021-12-26T13:14:29.252Z] Functions emulator received unknown request at path /favicon.ico
[debug] [2021-12-26T13:39:34.942Z] [work-queue] {"queueLength":1,"workRunningCount":0}
[debug] [2021-12-26T13:39:34.943Z] [work-queue] {"queueLength":0,"workRunningCount":1}
[debug] [2021-12-26T13:39:34.943Z] Accepted request GET /my-e4355/us-central1/api --> us-central1-api
[debug] [2021-12-26T13:39:34.944Z] [worker-pool] submitWork(triggerId=us-central1-api) {"metadata":{"emulator":{"name":"functions"},"message":"[worker-pool] submitWork(triggerId=us-central1-api)"}}
[debug] [2021-12-26T13:39:34.945Z] [worker-us-central1-api-de45c378-8d4b-4ebf-a626-f253722fa7e5]: Assigning socketPath: \\?\pipe\C:\Users\Hp\Desktop\College\Coding\Projects\React\my-amazon\functions\9296 {"metadata":{"emulator":{"name":"functions"},"message":"[worker-us-central1-api-de45c378-8d4b-4ebf-a626-f253722fa7e5]: Assigning socketPath: \\\\?\\pipe\\C:\\Users\\Hp\\Desktop\\College\\Coding\\Projects\\React\\my-amazon\\functions\\9296"}}
[debug] [2021-12-26T13:39:34.945Z] [worker-us-central1-api-de45c378-8d4b-4ebf-a626-f253722fa7e5]: BUSY {"metadata":{"emulator":{"name":"functions"},"message":"[worker-us-central1-api-de45c378-8d4b-4ebf-a626-f253722fa7e5]: BUSY"}}
[debug] [2021-12-26T13:39:34.947Z] [runtime-status] [9296] Trigger "us-central1-api" has been found, beginning invocation! {"metadata":{"emulator":{"name":"functions"},"function":{"name":"us-central1-api"},"message":"[runtime-status] [9296] Trigger \"us-central1-api\" has been found, beginning invocation!"}}
[info] i  functions: Beginning execution of "us-central1-api" {"metadata":{"emulator":{"name":"functions"},"function":{"name":"us-central1-api"},"message":"Beginning execution of \"us-central1-api\""}}
[debug] [2021-12-26T13:39:34.951Z] [runtime-status] [9296] triggerDefinition {"httpsTrigger":{},"name":"api","entryPoint":"api","regions":["us-central1"],"region":"us-central1","id":"us-central1-api","platform":"gcfv1"} {"metadata":{"emulator":{"name":"functions"},"function":{"name":"us-central1-api"},"message":"[runtime-status] [9296] triggerDefinition {\"httpsTrigger\":{},\"name\":\"api\",\"entryPoint\":\"api\",\"regions\":[\"us-central1\"],\"region\":\"us-central1\",\"id\":\"us-central1-api\",\"platform\":\"gcfv1\"}"}}
[debug] [2021-12-26T13:39:34.952Z] [runtime-status] [9296] Running us-central1-api in signature http {"metadata":{"emulator":{"name":"functions"},"function":{"name":"us-central1-api"},"message":"[runtime-status] [9296] Running us-central1-api in signature http"}}
[debug] [2021-12-26T13:39:34.953Z] [runtime-status] [9296] Attempting to listen to socketPath: \\?\pipe\C:\Users\Hp\Desktop\College\Coding\Projects\React\my-amazon\functions\9296 {"metadata":{"emulator":{"name":"functions"},"function":{"name":"us-central1-api"},"message":"[runtime-status] [9296] Attempting to listen to socketPath: \\\\?\\pipe\\C:\\Users\\Hp\\Desktop\\College\\Coding\\Projects\\React\\my-amazon\\functions\\9296"}}
[debug] [2021-12-26T13:39:34.986Z] [functions] Runtime ready! Sending request! {"metadata":{"emulator":{"name":"functions"},"message":"[functions] Runtime ready! Sending request!"}}
[debug] [2021-12-26T13:39:34.987Z] [functions] Got req.url=/my-e4355/us-central1/api, mapping to path=/ {"metadata":{"emulator":{"name":"functions"},"message":"[functions] Got req.url=/my-e4355/us-central1/api, mapping to path=/"}}
[debug] [2021-12-26T13:39:34.996Z] [runtime-status] [9296] Ephemeral server handling GET request {"metadata":{"emulator":{"name":"functions"},"function":{"name":"us-central1-api"},"message":"[runtime-status] [9296] Ephemeral server handling GET request"}}
[debug] [2021-12-26T13:39:35.000Z] [runtime-status] [9296] Ephemeral server survived. {"metadata":{"emulator":{"name":"functions"},"function":{"name":"us-central1-api"},"message":"[runtime-status] [9296] Ephemeral server survived."}}
[info] i  functions: Finished "us-central1-api" in ~1s {"metadata":{"emulator":{"name":"functions"},"function":{"name":"us-central1-api"},"message":"Finished \"us-central1-api\" in ~1s"}}
[debug] [2021-12-26T13:39:35.004Z] [worker-us-central1-api-de45c378-8d4b-4ebf-a626-f253722fa7e5]: IDLE {"metadata":{"emulator":{"name":"functions"},"message":"[worker-us-central1-api-de45c378-8d4b-4ebf-a626-f253722fa7e5]: IDLE"}}
[debug] [2021-12-26T13:39:35.004Z] [work-queue] {"queueLength":0,"workRunningCount":0}
[debug] [2021-12-26T13:49:09.371Z] [work-queue] {"queueLength":1,"workRunningCount":0}
[debug] [2021-12-26T13:49:09.372Z] [work-queue] {"queueLength":0,"workRunningCount":1}
[debug] [2021-12-26T13:49:09.372Z] Accepted request POST /my-e4355/us-central1/api/payments/create?total=75885 --> us-central1-api
[debug] [2021-12-26T13:49:09.373Z] [worker-pool] submitWork(triggerId=us-central1-api) {"metadata":{"emulator":{"name":"functions"},"message":"[worker-pool] submitWork(triggerId=us-central1-api)"}}
[debug] [2021-12-26T13:49:09.374Z] [worker-us-central1-api-de45c378-8d4b-4ebf-a626-f253722fa7e5]: Assigning socketPath: \\?\pipe\C:\Users\Hp\Desktop\College\Coding\Projects\React\my-amazon\functions\9296 {"metadata":{"emulator":{"name":"functions"},"message":"[worker-us-central1-api-de45c378-8d4b-4ebf-a626-f253722fa7e5]: Assigning socketPath: \\\\?\\pipe\\C:\\Users\\Hp\\Desktop\\College\\Coding\\Projects\\React\\my-amazon\\functions\\9296"}}
[debug] [2021-12-26T13:49:09.374Z] [worker-us-central1-api-de45c378-8d4b-4ebf-a626-f253722fa7e5]: BUSY {"metadata":{"emulator":{"name":"functions"},"message":"[worker-us-central1-api-de45c378-8d4b-4ebf-a626-f253722fa7e5]: BUSY"}}
[debug] [2021-12-26T13:49:09.375Z] [runtime-status] [9296] Trigger "us-central1-api" has been found, beginning invocation! {"metadata":{"emulator":{"name":"functions"},"function":{"name":"us-central1-api"},"message":"[runtime-status] [9296] Trigger \"us-central1-api\" has been found, beginning invocation!"}}
[info] i  functions: Beginning execution of "us-central1-api" {"metadata":{"emulator":{"name":"functions"},"function":{"name":"us-central1-api"},"message":"Beginning execution of \"us-central1-api\""}}
[debug] [2021-12-26T13:49:09.379Z] [runtime-status] [9296] triggerDefinition {"httpsTrigger":{},"name":"api","entryPoint":"api","regions":["us-central1"],"region":"us-central1","id":"us-central1-api","platform":"gcfv1"} {"metadata":{"emulator":{"name":"functions"},"function":{"name":"us-central1-api"},"message":"[runtime-status] [9296] triggerDefinition {\"httpsTrigger\":{},\"name\":\"api\",\"entryPoint\":\"api\",\"regions\":[\"us-central1\"],\"region\":\"us-central1\",\"id\":\"us-central1-api\",\"platform\":\"gcfv1\"}"}}
[debug] [2021-12-26T13:49:09.380Z] [runtime-status] [9296] Running us-central1-api in signature http {"metadata":{"emulator":{"name":"functions"},"function":{"name":"us-central1-api"},"message":"[runtime-status] [9296] Running us-central1-api in signature http"}}
[debug] [2021-12-26T13:49:09.381Z] [runtime-status] [9296] Attempting to listen to socketPath: \\?\pipe\C:\Users\Hp\Desktop\College\Coding\Projects\React\my-amazon\functions\9296 {"metadata":{"emulator":{"name":"functions"},"function":{"name":"us-central1-api"},"message":"[runtime-status] [9296] Attempting to listen to socketPath: \\\\?\\pipe\\C:\\Users\\Hp\\Desktop\\College\\Coding\\Projects\\React\\my-amazon\\functions\\9296"}}
[debug] [2021-12-26T13:49:09.386Z] [functions] Runtime ready! Sending request! {"metadata":{"emulator":{"name":"functions"},"message":"[functions] Runtime ready! Sending request!"}}
[debug] [2021-12-26T13:49:09.388Z] [functions] Got req.url=/my-e4355/us-central1/api/payments/create?total=75885, mapping to path=/payments/create?total=75885 {"metadata":{"emulator":{"name":"functions"},"message":"[functions] Got req.url=/my-e4355/us-central1/api/payments/create?total=75885, mapping to path=/payments/create?total=75885"}}
[debug] [2021-12-26T13:49:09.405Z] [runtime-status] [9296] Ephemeral server handling POST request {"metadata":{"emulator":{"name":"functions"},"function":{"name":"us-central1-api"},"message":"[runtime-status] [9296] Ephemeral server handling POST request"}}
[info] >  payment received:  75885 {"user":"payment received:  75885","metadata":{"emulator":{"name":"functions"},"function":{"name":"us-central1-api"},"message":"\u001b[90m> \u001b[39m payment received:  75885"}}
[debug] [2021-12-26T13:49:09.478Z] [runtime-status] [9296] Ephemeral server survived. {"metadata":{"emulator":{"name":"functions"},"function":{"name":"us-central1-api"},"message":"[runtime-status] [9296] Ephemeral server survived."}}
[info] i  functions: Finished "us-central1-api" in ~1s {"metadata":{"emulator":{"name":"functions"},"function":{"name":"us-central1-api"},"message":"Finished \"us-central1-api\" in ~1s"}}
[debug] [2021-12-26T13:49:11.130Z] [worker-us-central1-api-de45c378-8d4b-4ebf-a626-f253722fa7e5]: IDLE {"metadata":{"emulator":{"name":"functions"},"message":"[worker-us-central1-api-de45c378-8d4b-4ebf-a626-f253722fa7e5]: IDLE"}}
[debug] [2021-12-26T13:49:11.131Z] [work-queue] {"queueLength":0,"workRunningCount":0}
